[debug] [2023-11-19T20:05:58.758Z] ----------------------------------------------------------------------
[debug] [2023-11-19T20:05:58.762Z] Command:       /usr/bin/node /usr/local/bin/firebase init hosting
[debug] [2023-11-19T20:05:58.763Z] CLI Version:   12.9.1
[debug] [2023-11-19T20:05:58.764Z] Platform:      linux
[debug] [2023-11-19T20:05:58.764Z] Node Version:  v18.13.0
[debug] [2023-11-19T20:05:58.765Z] Time:          Sun Nov 19 2023 20:05:58 GMT+0000 (Greenwich Mean Time)
[debug] [2023-11-19T20:05:58.765Z] ----------------------------------------------------------------------
[debug] 
[debug] [2023-11-19T20:05:58.903Z] > command requires scopes: ["email","openid","https://www.googleapis.com/auth/cloudplatformprojects.readonly","https://www.googleapis.com/auth/firebase","https://www.googleapis.com/auth/cloud-platform"]
[debug] [2023-11-19T20:05:58.904Z] > authorizing via signed-in user (ishmaelewis40@gmail.com)
[info] 
     ######## #### ########  ######## ########     ###     ######  ########
     ##        ##  ##     ## ##       ##     ##  ##   ##  ##       ##
     ######    ##  ########  ######   ########  #########  ######  ######
     ##        ##  ##    ##  ##       ##     ## ##     ##       ## ##
     ##       #### ##     ## ######## ########  ##     ##  ######  ########

You're about to initialize a Firebase project in this directory:

  /home/businessacc/Downloads/netflix2.0

Before we get started, keep in mind:

  * You are currently outside your home directory
  * You are initializing within an existing Firebase project directory

[info] 
=== Project Setup
[info] 
[info] First, let's associate this project directory with a Firebase project.
[info] You can create multiple project aliases by running firebase use --add, 
[info] but for now we'll just set up a default project.
[info] 
[debug] [2023-11-19T20:05:58.914Z] Using project from CLI flag: netflixclone-e531e
[debug] [2023-11-19T20:05:58.921Z] >>> [apiv2][query] GET https://firebase.googleapis.com/v1beta1/projects/netflixclone-e531e [none]
[debug] [2023-11-19T20:05:59.274Z] <<< [apiv2][status] GET https://firebase.googleapis.com/v1beta1/projects/netflixclone-e531e 200
[debug] [2023-11-19T20:05:59.275Z] <<< [apiv2][body] GET https://firebase.googleapis.com/v1beta1/projects/netflixclone-e531e {"projectId":"netflixclone-e531e","projectNumber":"795998185452","displayName":"netflixclone","name":"projects/netflixclone-e531e","resources":{"hostingSite":"netflixclone-e531e"},"state":"ACTIVE","etag":"1_634a1a8a-2357-48a1-8637-8f60015437be"}
[info] i  Using project netflixclone-e531e (netflixclone) 
[info] 
=== Hosting Setup
[debug] [2023-11-19T20:05:59.290Z] >>> [apiv2][query] GET https://firebase.googleapis.com/v1beta1/projects/netflixclone-e531e [none]
[debug] [2023-11-19T20:05:59.540Z] <<< [apiv2][status] GET https://firebase.googleapis.com/v1beta1/projects/netflixclone-e531e 200
[debug] [2023-11-19T20:05:59.540Z] <<< [apiv2][body] GET https://firebase.googleapis.com/v1beta1/projects/netflixclone-e531e {"projectId":"netflixclone-e531e","projectNumber":"795998185452","displayName":"netflixclone","name":"projects/netflixclone-e531e","resources":{"hostingSite":"netflixclone-e531e"},"state":"ACTIVE","etag":"1_634a1a8a-2357-48a1-8637-8f60015437be"}
[info] 
[info] Your public directory is the folder (relative to your project directory) that
[info] will contain Hosting assets to be uploaded with firebase deploy. If you
[info] have a build process for your assets, use your build's output directory.
[info] 
